<?xml version="1.0" encoding="UTF-8"?>
<robot generator="Robot 7.4.2 (Python 3.14.6 on win32)" generated="2026-07-04T21:24:41.324010" rpa="false" schemaversion="5">
<suite id="s1" name="Suites">
<suite id="s1-s1" name="Ui" source="C:\Users\ADMIN\robotframework-labs\ui">
<suite id="s1-s1-s1" name="05 Login Ddt" source="C:\Users\ADMIN\robotframework-labs\ui\05_login_ddt.robot">
<kw name="Open Browser" owner="SeleniumLibrary" type="SETUP">
<msg time="2026-07-04T21:24:41.683463" level="INFO">Opening browser 'chrome' to base url 'https://www.saucedemo.com'.</msg>
<arg>https://www.saucedemo.com</arg>
<arg>chrome</arg>
<doc>Opens a new browser instance to the optional ``url``.</doc>
<status status="PASS" start="2026-07-04T21:24:41.683097" elapsed="4.737283"/>
</kw>
<test id="s1-s1-s1-t1" name="Usuario estandar" line="9">
<kw name="Validar Intento De Login">
<kw name="Go To" owner="SeleniumLibrary">
<msg time="2026-07-04T21:24:46.422944" level="INFO">Opening url 'https://www.saucedemo.com'</msg>
<arg>https://www.saucedemo.com</arg>
<doc>Navigates the current browser window to the provided ``url``.</doc>
<status status="PASS" start="2026-07-04T21:24:46.422643" elapsed="0.067538"/>
</kw>
<kw name="Ingresar Credenciales" owner="login_page">
<kw name="Input Text" owner="SeleniumLibrary">
<msg time="2026-07-04T21:24:46.491741" level="INFO">Typing text 'standard_user' into text field 'id:user-name'.</msg>
<arg>${INPUT_USER}</arg>
<arg>${usuario}</arg>
<doc>Types the given ``text`` into the text field identified by ``locator``.</doc>
<status status="PASS" start="2026-07-04T21:24:46.491206" elapsed="0.124631"/>
</kw>
<kw name="Input Password" owner="SeleniumLibrary">
<msg time="2026-07-04T21:24:46.616585" level="INFO">Typing password into text field 'id:password'.</msg>
<msg time="2026-07-04T21:24:46.645317" level="INFO">Temporally setting log level to: NONE</msg>
<arg>${INPUT_PASS}</arg>
<arg>${clave}</arg>
<doc>Types the given password into the text field identified by ``locator``.</doc>
<status status="PASS" start="2026-07-04T21:24:46.616087" elapsed="0.093601"/>
</kw>
<kw name="Click Button" owner="SeleniumLibrary">
<msg time="2026-07-04T21:24:46.710280" level="INFO">Clicking button 'id:login-button'.</msg>
<arg>${BTN_LOGIN}</arg>
<doc>Clicks the button identified by ``locator``.</doc>
<status status="PASS" start="2026-07-04T21:24:46.709925" elapsed="0.101795"/>
</kw>
<arg>${usuario}</arg>
<arg>${clave}</arg>
<status status="PASS" start="2026-07-04T21:24:46.490691" elapsed="0.321260"/>
</kw>
<kw name="Run Keyword If" owner="BuiltIn">
<kw name="Wait Until Page Contains" owner="SeleniumLibrary">
<arg>Products</arg>
<arg>timeout=5s</arg>
<doc>Waits until ``text`` appears on the current page.</doc>
<status status="PASS" start="2026-07-04T21:24:46.813763" elapsed="0.023326"/>
</kw>
<arg>'${resultado}' == 'exito'</arg>
<arg>Wait Until Page Contains</arg>
<arg>Products</arg>
<arg>timeout=5s</arg>
<arg>ELSE</arg>
<arg>Wait Until Element Is Visible</arg>
<arg>${MSG_ERROR}</arg>
<arg>timeout=10s</arg>
<doc>Runs the given keyword with the given arguments, if ``condition`` is true.</doc>
<status status="PASS" start="2026-07-04T21:24:46.812424" elapsed="0.024836"/>
</kw>
<arg>standard_user</arg>
<arg>secret_sauce</arg>
<arg>exito</arg>
<status status="PASS" start="2026-07-04T21:24:46.421842" elapsed="0.415570"/>
</kw>
<status status="PASS" start="2026-07-04T21:24:46.420772" elapsed="0.416941"/>
</test>
<test id="s1-s1-s1-t2" name="Usuario bloqueado" line="10">
<kw name="Validar Intento De Login">
<kw name="Go To" owner="SeleniumLibrary">
<msg time="2026-07-04T21:24:46.839302" level="INFO">Opening url 'https://www.saucedemo.com'</msg>
<arg>https://www.saucedemo.com</arg>
<doc>Navigates the current browser window to the provided ``url``.</doc>
<status status="PASS" start="2026-07-04T21:24:46.839185" elapsed="0.017067"/>
</kw>
<kw name="Ingresar Credenciales" owner="login_page">
<kw name="Input Text" owner="SeleniumLibrary">
<msg time="2026-07-04T21:24:46.857475" level="INFO">Typing text 'locked_out_user' into text field 'id:user-name'.</msg>
<arg>${INPUT_USER}</arg>
<arg>${usuario}</arg>
<doc>Types the given ``text`` into the text field identified by ``locator``.</doc>
<status status="PASS" start="2026-07-04T21:24:46.857092" elapsed="0.104662"/>
</kw>
<kw name="Input Password" owner="SeleniumLibrary">
<msg time="2026-07-04T21:24:46.962580" level="INFO">Typing password into text field 'id:password'.</msg>
<msg time="2026-07-04T21:24:46.983719" level="INFO">Temporally setting log level to: NONE</msg>
<arg>${INPUT_PASS}</arg>
<arg>${clave}</arg>
<doc>Types the given password into the text field identified by ``locator``.</doc>
<status status="PASS" start="2026-07-04T21:24:46.961965" elapsed="0.059388"/>
</kw>
<kw name="Click Button" owner="SeleniumLibrary">
<msg time="2026-07-04T21:24:47.021752" level="INFO">Clicking button 'id:login-button'.</msg>
<arg>${BTN_LOGIN}</arg>
<doc>Clicks the button identified by ``locator``.</doc>
<status status="PASS" start="2026-07-04T21:24:47.021514" elapsed="0.047798"/>
</kw>
<arg>${usuario}</arg>
<arg>${clave}</arg>
<status status="PASS" start="2026-07-04T21:24:46.856604" elapsed="0.212807"/>
</kw>
<kw name="Run Keyword If" owner="BuiltIn">
<kw name="Wait Until Element Is Visible" owner="SeleniumLibrary">
<arg>${MSG_ERROR}</arg>
<arg>timeout=10s</arg>
<doc>Waits until the element ``locator`` is visible.</doc>
<status status="PASS" start="2026-07-04T21:24:47.070274" elapsed="0.013290"/>
</kw>
<arg>'${resultado}' == 'exito'</arg>
<arg>Wait Until Page Contains</arg>
<arg>Products</arg>
<arg>timeout=5s</arg>
<arg>ELSE</arg>
<arg>Wait Until Element Is Visible</arg>
<arg>${MSG_ERROR}</arg>
<arg>timeout=10s</arg>
<doc>Runs the given keyword with the given arguments, if ``condition`` is true.</doc>
<status status="PASS" start="2026-07-04T21:24:47.069592" elapsed="0.014108"/>
</kw>
<arg>locked_out_user</arg>
<arg>secret_sauce</arg>
<arg>error</arg>
<status status="PASS" start="2026-07-04T21:24:46.838725" elapsed="0.245090"/>
</kw>
<status status="PASS" start="2026-07-04T21:24:46.838167" elapsed="0.245784"/>
</test>
<test id="s1-s1-s1-t3" name="Clave incorrecta" line="11">
<kw name="Validar Intento De Login">
<kw name="Go To" owner="SeleniumLibrary">
<msg time="2026-07-04T21:24:47.084898" level="INFO">Opening url 'https://www.saucedemo.com'</msg>
<arg>https://www.saucedemo.com</arg>
<doc>Navigates the current browser window to the provided ``url``.</doc>
<status status="PASS" start="2026-07-04T21:24:47.084819" elapsed="0.025333"/>
</kw>
<kw name="Ingresar Credenciales" owner="login_page">
<kw name="Input Text" owner="SeleniumLibrary">
<msg time="2026-07-04T21:24:47.110870" level="INFO">Typing text 'standard_user' into text field 'id:user-name'.</msg>
<arg>${INPUT_USER}</arg>
<arg>${usuario}</arg>
<doc>Types the given ``text`` into the text field identified by ``locator``.</doc>
<status status="PASS" start="2026-07-04T21:24:47.110660" elapsed="0.059602"/>
</kw>
<kw name="Input Password" owner="SeleniumLibrary">
<msg time="2026-07-04T21:24:47.170866" level="INFO">Typing password into text field 'id:password'.</msg>
<msg time="2026-07-04T21:24:47.188523" level="INFO">Temporally setting log level to: NONE</msg>
<arg>${INPUT_PASS}</arg>
<arg>${clave}</arg>
<doc>Types the given password into the text field identified by ``locator``.</doc>
<status status="PASS" start="2026-07-04T21:24:47.170543" elapsed="0.056203"/>
</kw>
<kw name="Click Button" owner="SeleniumLibrary">
<msg time="2026-07-04T21:24:47.227104" level="INFO">Clicking button 'id:login-button'.</msg>
<arg>${BTN_LOGIN}</arg>
<doc>Clicks the button identified by ``locator``.</doc>
<status status="PASS" start="2026-07-04T21:24:47.226901" elapsed="0.046625"/>
</kw>
<arg>${usuario}</arg>
<arg>${clave}</arg>
<status status="PASS" start="2026-07-04T21:24:47.110367" elapsed="0.163334"/>
</kw>
<kw name="Run Keyword If" owner="BuiltIn">
<kw name="Wait Until Element Is Visible" owner="SeleniumLibrary">
<arg>${MSG_ERROR}</arg>
<arg>timeout=10s</arg>
<doc>Waits until the element ``locator`` is visible.</doc>
<status status="PASS" start="2026-07-04T21:24:47.274347" elapsed="0.010951"/>
</kw>
<arg>'${resultado}' == 'exito'</arg>
<arg>Wait Until Page Contains</arg>
<arg>Products</arg>
<arg>timeout=5s</arg>
<arg>ELSE</arg>
<arg>Wait Until Element Is Visible</arg>
<arg>${MSG_ERROR}</arg>
<arg>timeout=10s</arg>
<doc>Runs the given keyword with the given arguments, if ``condition`` is true.</doc>
<status status="PASS" start="2026-07-04T21:24:47.273875" elapsed="0.011549"/>
</kw>
<arg>standard_user</arg>
<arg>clave_invalida</arg>
<arg>error</arg>
<status status="PASS" start="2026-07-04T21:24:47.084595" elapsed="0.200921"/>
</kw>
<status status="PASS" start="2026-07-04T21:24:47.084203" elapsed="0.201447"/>
</test>
<test id="s1-s1-s1-t4" name="Usuario vacio" line="12">
<kw name="Validar Intento De Login">
<kw name="Go To" owner="SeleniumLibrary">
<msg time="2026-07-04T21:24:47.286859" level="INFO">Opening url 'https://www.saucedemo.com'</msg>
<arg>https://www.saucedemo.com</arg>
<doc>Navigates the current browser window to the provided ``url``.</doc>
<status status="PASS" start="2026-07-04T21:24:47.286761" elapsed="0.042495"/>
</kw>
<kw name="Ingresar Credenciales" owner="login_page">
<kw name="Input Text" owner="SeleniumLibrary">
<msg time="2026-07-04T21:24:47.330714" level="INFO">Typing text '' into text field 'id:user-name'.</msg>
<arg>${INPUT_USER}</arg>
<arg>${usuario}</arg>
<doc>Types the given ``text`` into the text field identified by ``locator``.</doc>
<status status="PASS" start="2026-07-04T21:24:47.330294" elapsed="0.059560"/>
</kw>
<kw name="Input Password" owner="SeleniumLibrary">
<msg time="2026-07-04T21:24:47.390449" level="INFO">Typing password into text field 'id:password'.</msg>
<msg time="2026-07-04T21:24:47.417117" level="INFO">Temporally setting log level to: NONE</msg>
<arg>${INPUT_PASS}</arg>
<arg>${clave}</arg>
<doc>Types the given password into the text field identified by ``locator``.</doc>
<status status="PASS" start="2026-07-04T21:24:47.390073" elapsed="0.065348"/>
</kw>
<kw name="Click Button" owner="SeleniumLibrary">
<msg time="2026-07-04T21:24:47.455890" level="INFO">Clicking button 'id:login-button'.</msg>
<arg>${BTN_LOGIN}</arg>
<doc>Clicks the button identified by ``locator``.</doc>
<status status="PASS" start="2026-07-04T21:24:47.455657" elapsed="0.037896"/>
</kw>
<arg>${usuario}</arg>
<arg>${clave}</arg>
<status status="PASS" start="2026-07-04T21:24:47.329767" elapsed="0.163890"/>
</kw>
<kw name="Run Keyword If" owner="BuiltIn">
<kw name="Wait Until Element Is Visible" owner="SeleniumLibrary">
<arg>${MSG_ERROR}</arg>
<arg>timeout=10s</arg>
<doc>Waits until the element ``locator`` is visible.</doc>
<status status="PASS" start="2026-07-04T21:24:47.494201" elapsed="7.817302"/>
</kw>
<arg>'${resultado}' == 'exito'</arg>
<arg>Wait Until Page Contains</arg>
<arg>Products</arg>
<arg>timeout=5s</arg>
<arg>ELSE</arg>
<arg>Wait Until Element Is Visible</arg>
<arg>${MSG_ERROR}</arg>
<arg>timeout=10s</arg>
<doc>Runs the given keyword with the given arguments, if ``condition`` is true.</doc>
<status status="PASS" start="2026-07-04T21:24:47.493782" elapsed="7.817809"/>
</kw>
<arg>${EMPTY}</arg>
<arg>secret_sauce</arg>
<arg>error</arg>
<status status="PASS" start="2026-07-04T21:24:47.286187" elapsed="8.025473"/>
</kw>
<status status="PASS" start="2026-07-04T21:24:47.285882" elapsed="8.025881"/>
</test>
<test id="s1-s1-s1-t5" name="Agregar Producto Al Carrito" line="15">
<kw name="Go To" owner="SeleniumLibrary">
<msg time="2026-07-04T21:24:55.312342" level="INFO">Opening url 'https://www.saucedemo.com'</msg>
<arg>https://www.saucedemo.com</arg>
<doc>Navigates the current browser window to the provided ``url``.</doc>
<status status="PASS" start="2026-07-04T21:24:55.312241" elapsed="0.048861"/>
</kw>
<kw name="Ingresar Credenciales" owner="login_page">
<kw name="Input Text" owner="SeleniumLibrary">
<msg time="2026-07-04T21:24:55.362105" level="INFO">Typing text 'standard_user' into text field 'id:user-name'.</msg>
<arg>${INPUT_USER}</arg>
<arg>${usuario}</arg>
<doc>Types the given ``text`` into the text field identified by ``locator``.</doc>
<status status="PASS" start="2026-07-04T21:24:55.361856" elapsed="0.063914"/>
</kw>
<kw name="Input Password" owner="SeleniumLibrary">
<msg time="2026-07-04T21:24:55.426236" level="INFO">Typing password into text field 'id:password'.</msg>
<msg time="2026-07-04T21:24:55.446767" level="INFO">Temporally setting log level to: NONE</msg>
<arg>${INPUT_PASS}</arg>
<arg>${clave}</arg>
<doc>Types the given password into the text field identified by ``locator``.</doc>
<status status="PASS" start="2026-07-04T21:24:55.425968" elapsed="0.064716"/>
</kw>
<kw name="Click Button" owner="SeleniumLibrary">
<msg time="2026-07-04T21:24:55.491310" level="INFO">Clicking button 'id:login-button'.</msg>
<arg>${BTN_LOGIN}</arg>
<doc>Clicks the button identified by ``locator``.</doc>
<status status="PASS" start="2026-07-04T21:24:55.490943" elapsed="0.070611"/>
</kw>
<arg>standard_user</arg>
<arg>secret_sauce</arg>
<status status="PASS" start="2026-07-04T21:24:55.361403" elapsed="0.200269"/>
</kw>
<kw name="Click Button" owner="SeleniumLibrary">
<msg time="2026-07-04T21:24:55.562245" level="INFO">Clicking button 'id:add-to-cart-sauce-labs-backpack'.</msg>
<arg>id:add-to-cart-sauce-labs-backpack</arg>
<doc>Clicks the button identified by ``locator``.</doc>
<status status="PASS" start="2026-07-04T21:24:55.561838" elapsed="0.071837"/>
</kw>
<kw name="Element Text Should Be" owner="SeleniumLibrary">
<msg time="2026-07-04T21:24:55.634508" level="INFO">Verifying element 'class:shopping_cart_badge' contains exact text '1'.</msg>
<arg>class:shopping_cart_badge</arg>
<arg>1</arg>
<doc>Verifies that element ``locator`` contains exact the text ``expected``.</doc>
<status status="PASS" start="2026-07-04T21:24:55.633916" elapsed="0.017801"/>
</kw>
<status status="PASS" start="2026-07-04T21:24:55.311989" elapsed="0.339889"/>
</test>
<kw name="Close Browser" owner="SeleniumLibrary" type="TEARDOWN">
<doc>Closes the current browser.</doc>
<status status="PASS" start="2026-07-04T21:24:55.652389" elapsed="2.178016"/>
</kw>
<status status="PASS" start="2026-07-04T21:24:41.364429" elapsed="16.466159"/>
</suite>
<status status="PASS" start="2026-07-04T21:24:41.362733" elapsed="16.469589"/>
</suite>
<status status="PASS" start="2026-07-04T21:24:41.325388" elapsed="16.507972"/>
</suite>
<statistics>
<total>
<stat pass="5" fail="0" skip="0">All Tests</stat>
</total>
<tag>
</tag>
<suite>
<stat name="Suites" id="s1" pass="5" fail="0" skip="0">Suites</stat>
<stat name="Ui" id="s1-s1" pass="5" fail="0" skip="0">Suites.Ui</stat>
<stat name="05 Login Ddt" id="s1-s1-s1" pass="5" fail="0" skip="0">Suites.Ui.05 Login Ddt</stat>
</suite>
</statistics>
<errors>
</errors>
</robot>
